<?xml version="1.0" encoding="UTF-8"?>
<!-- Generated by org.testng.reporters.JUnitReportReporter -->
<testsuite hostname="DESKTOP-2B3OB08" name="TESTCASES.LoginGoogleTest" tests="2" failures="0" timestamp="14 May 2019 16:15:12 GMT" time="27.702" errors="0">
  <testcase name="isElementPresent" time="17.076" classname="TESTCASES.LoginGoogleTest"/>
  <testcase name="signInTextTest" time="10.626" classname="TESTCASES.LoginGoogleTest"/>
</testsuite> <!-- TESTCASES.LoginGoogleTest -->
