<?xml version="1.0" encoding="UTF-8"?>
<!-- Generated by org.testng.reporters.JUnitReportReporter -->
<testsuite hostname="DESKTOP-2B3OB08" name="TESTCASES.LoginTest" tests="1" failures="0" timestamp="10 May 2019 04:39:01 GMT" time="3.166" errors="0">
  <testcase name="dologinTest" time="3.166" classname="TESTCASES.LoginTest"/>
</testsuite> <!-- TESTCASES.LoginTest -->
