<?xml version="1.0" encoding="UTF-8"?>
<!-- Generated by org.testng.reporters.JUnitReportReporter -->
<testsuite hostname="DESKTOP-2B3OB08" name="TESTCASES.TestExtentReports1" tests="1" failures="0" timestamp="10 May 2019 14:23:29 GMT" time="0.740" errors="0">
  <testcase name="checkTest" time="0.740" classname="TESTCASES.TestExtentReports1"/>
</testsuite> <!-- TESTCASES.TestExtentReports1 -->
