<?xml version="1.0" encoding="UTF-8"?>
<!-- Generated by org.testng.reporters.JUnitReportReporter -->
<testsuite hostname="DESKTOP-2B3OB08" name="TESTCASES.TestProfile" tests="1" failures="0" timestamp="13 Jun 2017 14:19:23 GMT" time="7.990" errors="0">
  <testcase name="testProfile" time="7.990" classname="TESTCASES.TestProfile"/>
</testsuite> <!-- TESTCASES.TestProfile -->
