<?xml version="1.0" encoding="UTF-8"?>
<!-- Generated by org.testng.reporters.JUnitReportReporter -->
<testsuite hostname="DESKTOP-2B3OB08" name="TESTCASES.LoginGoogleTest" tests="2" failures="0" timestamp="14 May 2019 07:13:37 GMT" time="40.512" errors="0">
  <testcase name="signInTextTest" time="26.239" classname="TESTCASES.LoginGoogleTest"/>
  <testcase name="isElementPresent" time="14.273" classname="TESTCASES.LoginGoogleTest"/>
</testsuite> <!-- TESTCASES.LoginGoogleTest -->
