<?xml version="1.0" encoding="UTF-8"?>
<!-- Generated by org.testng.reporters.JUnitReportReporter -->
<testsuite hostname="DESKTOP-2B3OB08" name="TESTCASES.LoginGoogleTest" tests="2" failures="0" timestamp="14 May 2019 10:55:20 GMT" time="35.918" errors="0">
  <testcase name="isElementPresent" time="18.890" classname="TESTCASES.LoginGoogleTest"/>
  <testcase name="signInTextTest" time="17.028" classname="TESTCASES.LoginGoogleTest"/>
</testsuite> <!-- TESTCASES.LoginGoogleTest -->
