<?xml version="1.0" encoding="UTF-8"?>
<!-- Generated by org.testng.reporters.JUnitReportReporter -->
<testsuite hostname="DESKTOP-2B3OB08" name="TESTCASES.LoginGoogle" tests="1" failures="0" timestamp="12 May 2019 01:25:58 GMT" time="19.553" errors="0">
  <testcase name="loginGoogle" time="19.553" classname="TESTCASES.LoginGoogle"/>
</testsuite> <!-- TESTCASES.LoginGoogle -->
