<?xml version="1.0" encoding="UTF-8"?>
<!-- Generated by org.testng.reporters.JUnitReportReporter -->
<testsuite hostname="DESKTOP-2B3OB08" name="ROUGH_TESTS.PrintTakeSsht" tests="1" failures="0" timestamp="26 Jun 2017 00:14:58 GMT" time="0.023" errors="0">
  <testcase name="testscreenshot" time="0.023" classname="ROUGH_TESTS.PrintTakeSsht"/>
</testsuite> <!-- ROUGH_TESTS.PrintTakeSsht -->
