<?xml version="1.0" encoding="UTF-8"?>
<!-- Generated by org.testng.reporters.JUnitReportReporter -->
<testsuite hostname="DESKTOP-2B3OB08" name="TESTCASES.ProfileTest" tests="1" failures="0" timestamp="10 May 2019 09:18:23 GMT" time="0.746" errors="0">
  <testcase name="profileTest" time="0.746" classname="TESTCASES.ProfileTest"/>
</testsuite> <!-- TESTCASES.ProfileTest -->
