<?xml version="1.0" encoding="UTF-8"?>
<!-- Generated by org.testng.reporters.JUnitReportReporter -->
<testsuite hostname="DESKTOP-2B3OB08" name="ROUGH_TESTS.BrowserTest" tests="1" failures="0" timestamp="26 Jun 2017 12:43:14 GMT" time="23.926" errors="0">
  <testcase name="checkBrowser" time="23.926" classname="ROUGH_TESTS.BrowserTest"/>
</testsuite> <!-- ROUGH_TESTS.BrowserTest -->
